{"/Users/mhamed/TOP/repos/Battleship/src/gameboard.js": {"path":"/Users/mhamed/TOP/repos/Battleship/src/gameboard.js","all":false,"statementMap":{"0":{"start":{"line":1,"column":0},"end":{"line":1,"column":17}},"1":{"start":{"line":2,"column":0},"end":{"line":2,"column":24}},"2":{"start":{"line":3,"column":0},"end":{"line":3,"column":26}},"3":{"start":{"line":4,"column":0},"end":{"line":4,"column":23}},"4":{"start":{"line":5,"column":0},"end":{"line":5,"column":5}},"5":{"start":{"line":6,"column":0},"end":{"line":6,"column":0}},"6":{"start":{"line":7,"column":0},"end":{"line":7,"column":23}},"7":{"start":{"line":8,"column":0},"end":{"line":8,"column":39}},"8":{"start":{"line":9,"column":0},"end":{"line":9,"column":72}},"9":{"start":{"line":10,"column":0},"end":{"line":10,"column":32}},"10":{"start":{"line":11,"column":0},"end":{"line":11,"column":9}},"11":{"start":{"line":12,"column":0},"end":{"line":12,"column":25}},"12":{"start":{"line":13,"column":0},"end":{"line":13,"column":9}},"13":{"start":{"line":14,"column":0},"end":{"line":14,"column":0}},"14":{"start":{"line":15,"column":0},"end":{"line":15,"column":24}},"15":{"start":{"line":16,"column":0},"end":{"line":16,"column":31}},"16":{"start":{"line":17,"column":0},"end":{"line":17,"column":27}},"17":{"start":{"line":18,"column":0},"end":{"line":18,"column":36}},"18":{"start":{"line":19,"column":0},"end":{"line":19,"column":43}},"19":{"start":{"line":20,"column":0},"end":{"line":20,"column":37}},"20":{"start":{"line":21,"column":0},"end":{"line":21,"column":28}},"21":{"start":{"line":22,"column":0},"end":{"line":22,"column":9}},"22":{"start":{"line":23,"column":0},"end":{"line":23,"column":24}},"23":{"start":{"line":24,"column":0},"end":{"line":24,"column":5}},"24":{"start":{"line":25,"column":0},"end":{"line":25,"column":0}},"25":{"start":{"line":26,"column":0},"end":{"line":26,"column":22}},"26":{"start":{"line":27,"column":0},"end":{"line":27,"column":42}},"27":{"start":{"line":28,"column":0},"end":{"line":28,"column":82}},"28":{"start":{"line":29,"column":0},"end":{"line":29,"column":35}},"29":{"start":{"line":30,"column":0},"end":{"line":30,"column":56}},"30":{"start":{"line":31,"column":0},"end":{"line":31,"column":22}},"31":{"start":{"line":32,"column":0},"end":{"line":32,"column":89}},"32":{"start":{"line":33,"column":0},"end":{"line":33,"column":44}},"33":{"start":{"line":34,"column":0},"end":{"line":34,"column":9}},"34":{"start":{"line":35,"column":0},"end":{"line":35,"column":6}},"35":{"start":{"line":36,"column":0},"end":{"line":36,"column":18}},"36":{"start":{"line":37,"column":0},"end":{"line":37,"column":54}},"37":{"start":{"line":38,"column":0},"end":{"line":38,"column":5}},"38":{"start":{"line":39,"column":0},"end":{"line":39,"column":1}},"39":{"start":{"line":40,"column":0},"end":{"line":40,"column":0}},"40":{"start":{"line":41,"column":0},"end":{"line":41,"column":25}}},"s":{"0":1,"1":1,"2":1,"3":1,"4":1,"5":1,"6":1,"7":1,"8":100,"9":100,"10":100,"11":1,"12":1,"13":1,"14":1,"15":6,"16":6,"17":6,"18":6,"19":28,"20":28,"21":28,"22":6,"23":6,"24":1,"25":1,"26":18,"27":18,"28":17,"29":17,"30":17,"31":18,"32":1,"33":1,"34":1,"35":1,"36":2,"37":2,"38":1,"39":1,"40":1},"branchMap":{"0":{"type":"branch","line":1,"loc":{"start":{"line":1,"column":15},"end":{"line":38,"column":5}},"locations":[{"start":{"line":1,"column":15},"end":{"line":38,"column":5}}]},"1":{"type":"branch","line":2,"loc":{"start":{"line":2,"column":4},"end":{"line":5,"column":5}},"locations":[{"start":{"line":2,"column":4},"end":{"line":5,"column":5}}]},"2":{"type":"branch","line":7,"loc":{"start":{"line":7,"column":4},"end":{"line":13,"column":9}},"locations":[{"start":{"line":7,"column":4},"end":{"line":13,"column":9}}]},"3":{"type":"branch","line":8,"loc":{"start":{"line":8,"column":38},"end":{"line":11,"column":9}},"locations":[{"start":{"line":8,"column":38},"end":{"line":11,"column":9}}]},"4":{"type":"branch","line":15,"loc":{"start":{"line":15,"column":4},"end":{"line":24,"column":5}},"locations":[{"start":{"line":15,"column":4},"end":{"line":24,"column":5}}]},"5":{"type":"branch","line":19,"loc":{"start":{"line":19,"column":42},"end":{"line":22,"column":9}},"locations":[{"start":{"line":19,"column":42},"end":{"line":22,"column":9}}]},"6":{"type":"branch","line":26,"loc":{"start":{"line":26,"column":4},"end":{"line":35,"column":5}},"locations":[{"start":{"line":26,"column":4},"end":{"line":35,"column":5}}]},"7":{"type":"branch","line":28,"loc":{"start":{"line":28,"column":40},"end":{"line":28,"column":79}},"locations":[{"start":{"line":28,"column":40},"end":{"line":28,"column":79}}]},"8":{"type":"branch","line":28,"loc":{"start":{"line":28,"column":81},"end":{"line":32,"column":9}},"locations":[{"start":{"line":28,"column":81},"end":{"line":32,"column":9}}]},"9":{"type":"branch","line":32,"loc":{"start":{"line":32,"column":9},"end":{"line":34,"column":9}},"locations":[{"start":{"line":32,"column":9},"end":{"line":34,"column":9}}]},"10":{"type":"branch","line":36,"loc":{"start":{"line":36,"column":4},"end":{"line":38,"column":5}},"locations":[{"start":{"line":36,"column":4},"end":{"line":38,"column":5}}]},"11":{"type":"branch","line":37,"loc":{"start":{"line":37,"column":32},"end":{"line":37,"column":54}},"locations":[{"start":{"line":37,"column":32},"end":{"line":37,"column":54}}]}},"b":{"0":[1],"1":[1],"2":[1],"3":[100],"4":[6],"5":[28],"6":[18],"7":[17],"8":[17],"9":[1],"10":[2],"11":[4]},"fnMap":{"0":{"name":"Gameboard","decl":{"start":{"line":2,"column":4},"end":{"line":5,"column":5}},"loc":{"start":{"line":2,"column":4},"end":{"line":5,"column":5}},"line":2},"1":{"name":"createGameBoard","decl":{"start":{"line":7,"column":4},"end":{"line":13,"column":9}},"loc":{"start":{"line":7,"column":4},"end":{"line":13,"column":9}},"line":7},"2":{"name":"placeShip","decl":{"start":{"line":15,"column":4},"end":{"line":24,"column":5}},"loc":{"start":{"line":15,"column":4},"end":{"line":24,"column":5}},"line":15},"3":{"name":"receiveAttack","decl":{"start":{"line":26,"column":4},"end":{"line":35,"column":5}},"loc":{"start":{"line":26,"column":4},"end":{"line":35,"column":5}},"line":26},"4":{"name":"areAllSunk","decl":{"start":{"line":36,"column":4},"end":{"line":38,"column":5}},"loc":{"start":{"line":36,"column":4},"end":{"line":38,"column":5}},"line":36}},"f":{"0":1,"1":1,"2":6,"3":18,"4":2}}
,"/Users/mhamed/TOP/repos/Battleship/src/ship.js": {"path":"/Users/mhamed/TOP/repos/Battleship/src/ship.js","all":false,"statementMap":{"0":{"start":{"line":1,"column":0},"end":{"line":1,"column":12}},"1":{"start":{"line":2,"column":0},"end":{"line":2,"column":29}},"2":{"start":{"line":3,"column":0},"end":{"line":3,"column":20}},"3":{"start":{"line":4,"column":0},"end":{"line":4,"column":28}},"4":{"start":{"line":5,"column":0},"end":{"line":5,"column":25}},"5":{"start":{"line":6,"column":0},"end":{"line":6,"column":5}},"6":{"start":{"line":7,"column":0},"end":{"line":7,"column":0}},"7":{"start":{"line":8,"column":0},"end":{"line":8,"column":11}},"8":{"start":{"line":9,"column":0},"end":{"line":9,"column":23}},"9":{"start":{"line":10,"column":0},"end":{"line":10,"column":5}},"10":{"start":{"line":11,"column":0},"end":{"line":11,"column":0}},"11":{"start":{"line":12,"column":0},"end":{"line":12,"column":14}},"12":{"start":{"line":13,"column":0},"end":{"line":13,"column":43}},"13":{"start":{"line":14,"column":0},"end":{"line":14,"column":23}},"14":{"start":{"line":15,"column":0},"end":{"line":15,"column":27}},"15":{"start":{"line":16,"column":0},"end":{"line":16,"column":5}},"16":{"start":{"line":17,"column":0},"end":{"line":17,"column":1}},"17":{"start":{"line":18,"column":0},"end":{"line":18,"column":0}},"18":{"start":{"line":19,"column":0},"end":{"line":19,"column":20}}},"s":{"0":1,"1":1,"2":2,"3":2,"4":2,"5":2,"6":1,"7":1,"8":17,"9":17,"10":1,"11":1,"12":4,"13":3,"14":4,"15":4,"16":1,"17":1,"18":1},"branchMap":{"0":{"type":"branch","line":1,"loc":{"start":{"line":1,"column":10},"end":{"line":16,"column":5}},"locations":[{"start":{"line":1,"column":10},"end":{"line":16,"column":5}}]},"1":{"type":"branch","line":2,"loc":{"start":{"line":2,"column":4},"end":{"line":6,"column":5}},"locations":[{"start":{"line":2,"column":4},"end":{"line":6,"column":5}}]},"2":{"type":"branch","line":8,"loc":{"start":{"line":8,"column":4},"end":{"line":10,"column":5}},"locations":[{"start":{"line":8,"column":4},"end":{"line":10,"column":5}}]},"3":{"type":"branch","line":12,"loc":{"start":{"line":12,"column":4},"end":{"line":16,"column":5}},"locations":[{"start":{"line":12,"column":4},"end":{"line":16,"column":5}}]},"4":{"type":"branch","line":13,"loc":{"start":{"line":13,"column":42},"end":{"line":15,"column":9}},"locations":[{"start":{"line":13,"column":42},"end":{"line":15,"column":9}}]},"5":{"type":"branch","line":15,"loc":{"start":{"line":15,"column":9},"end":{"line":15,"column":27}},"locations":[{"start":{"line":15,"column":9},"end":{"line":15,"column":27}}]}},"b":{"0":[1],"1":[2],"2":[17],"3":[4],"4":[3],"5":[1]},"fnMap":{"0":{"name":"Ship","decl":{"start":{"line":2,"column":4},"end":{"line":6,"column":5}},"loc":{"start":{"line":2,"column":4},"end":{"line":6,"column":5}},"line":2},"1":{"name":"hit","decl":{"start":{"line":8,"column":4},"end":{"line":10,"column":5}},"loc":{"start":{"line":8,"column":4},"end":{"line":10,"column":5}},"line":8},"2":{"name":"isSunk","decl":{"start":{"line":12,"column":4},"end":{"line":16,"column":5}},"loc":{"start":{"line":12,"column":4},"end":{"line":16,"column":5}},"line":12}},"f":{"0":2,"1":17,"2":4}}
}
