TN:
SF:src/gameboard.js
FN:2,Gameboard
FN:7,createGameBoard
FN:15,placeShip
FN:26,receiveAttack
FN:36,areAllSunk
FNF:5
FNH:5
FNDA:1,Gameboard
FNDA:1,createGameBoard
FNDA:6,placeShip
FNDA:18,receiveAttack
FNDA:2,areAllSunk
DA:1,1
DA:2,1
DA:3,1
DA:4,1
DA:5,1
DA:6,1
DA:7,1
DA:8,1
DA:9,100
DA:10,100
DA:11,100
DA:12,1
DA:13,1
DA:14,1
DA:15,1
DA:16,6
DA:17,6
DA:18,6
DA:19,6
DA:20,28
DA:21,28
DA:22,28
DA:23,6
DA:24,6
DA:25,1
DA:26,1
DA:27,18
DA:28,18
DA:29,17
DA:30,17
DA:31,17
DA:32,18
DA:33,1
DA:34,1
DA:35,1
DA:36,1
DA:37,2
DA:38,2
DA:39,1
DA:40,1
DA:41,1
LF:41
LH:41
BRDA:1,0,0,1
BRDA:2,1,0,1
BRDA:7,2,0,1
BRDA:8,3,0,100
BRDA:15,4,0,6
BRDA:19,5,0,28
BRDA:26,6,0,18
BRDA:28,7,0,17
BRDA:28,8,0,17
BRDA:32,9,0,1
BRDA:36,10,0,2
BRDA:37,11,0,4
BRF:12
BRH:12
end_of_record
TN:
SF:src/ship.js
FN:2,Ship
FN:8,hit
FN:12,isSunk
FNF:3
FNH:3
FNDA:2,Ship
FNDA:17,hit
FNDA:4,isSunk
DA:1,1
DA:2,1
DA:3,2
DA:4,2
DA:5,2
DA:6,2
DA:7,1
DA:8,1
DA:9,17
DA:10,17
DA:11,1
DA:12,1
DA:13,4
DA:14,3
DA:15,4
DA:16,4
DA:17,1
DA:18,1
DA:19,1
LF:19
LH:19
BRDA:1,0,0,1
BRDA:2,1,0,2
BRDA:8,2,0,17
BRDA:12,3,0,4
BRDA:13,4,0,3
BRDA:15,5,0,1
BRF:6
BRH:6
end_of_record
